<?xml version="1.0" encoding="UTF-8"?>
<testsuite name="com.example.moduleA.AppATest" tests="1" skipped="0" failures="0" errors="0" timestamp="2024-09-15T16:03:44" hostname="VINEET-PC" time="0.055">
  <properties/>
  <testcase name="testGetMessage()" classname="com.example.moduleA.AppATest" time="0.055"/>
  <system-out><![CDATA[This is Test A
]]></system-out>
  <system-err><![CDATA[]]></system-err>
</testsuite>
